Activating service name='com.ubuntu.sso'
Successfully activated service 'com.ubuntu.sso'

(unity-scope-home:6445): Json-CRITICAL **: json_object_get_object_member: assertion 'node != NULL' failed

(unity-scope-home:6445): Json-CRITICAL **: json_object_get_object_member: assertion 'node != NULL' failed

(unity-scope-home:6445): Json-CRITICAL **: json_object_get_object_member: assertion 'node != NULL' failed

(unity-scope-home:6445): Json-CRITICAL **: json_object_get_object_member: assertion 'node != NULL' failed

(unity-scope-home:6445): Json-CRITICAL **: json_object_get_object_member: assertion 'node != NULL' failed

(unity-scope-home:6445): Json-CRITICAL **: json_object_get_object_member: assertion 'node != NULL' failed

(unity-scope-home:6445): Json-CRITICAL **: json_object_get_object_member: assertion 'node != NULL' failed

(unity-scope-home:6445): Json-CRITICAL **: json_object_get_object_member: assertion 'node != NULL' failed

(unity-scope-home:6445): Json-CRITICAL **: json_object_get_object_member: assertion 'node != NULL' failed

(unity-scope-home:6445): Json-CRITICAL **: json_object_get_object_member: assertion 'node != NULL' failed

(unity-scope-home:6445): Json-CRITICAL **: json_object_get_object_member: assertion 'node != NULL' failed

(unity-scope-home:6445): Json-CRITICAL **: json_object_get_object_member: assertion 'node != NULL' failed

(unity-scope-home:6445): Json-CRITICAL **: json_object_get_object_member: assertion 'node != NULL' failed

(unity-scope-home:6445): Json-CRITICAL **: json_object_get_object_member: assertion 'node != NULL' failed

(unity-scope-home:6445): Json-CRITICAL **: json_object_get_object_member: assertion 'node != NULL' failed

(unity-scope-home:6445): Json-CRITICAL **: json_object_get_object_member: assertion 'node != NULL' failed

(unity-scope-home:6445): Json-CRITICAL **: json_object_get_object_member: assertion 'node != NULL' failed

(unity-scope-home:6445): Json-CRITICAL **: json_object_get_object_member: assertion 'node != NULL' failed

(unity-scope-home:6445): Json-CRITICAL **: json_object_get_object_member: assertion 'node != NULL' failed

(unity-scope-home:6445): Json-CRITICAL **: json_object_get_object_member: assertion 'node != NULL' failed
Activating service name='com.canonical.Unity.Scope.File.Gdrive'
Successfully activated service 'com.canonical.Unity.Scope.File.Gdrive'
Activating service name='com.ubuntu.sso'
Successfully activated service 'com.ubuntu.sso'
